<?xml version="1.0" encoding="UTF-8"?>
<!-- Generated by org.testng.reporters.JUnitReportReporter -->
<testsuite hostname="TYSS-Piyush-Baldaniya" failures="0" tests="3" name="practic.testng.DataProvider2" time="0.026" errors="0" timestamp="04 Oct 2024 07:04:54 GMT" skipped="0">
  <testcase classname="practic.testng.DataProvider2" name="createContactTest" time="0.002"/>
  <testcase classname="practic.testng.DataProvider2" name="createContactTest" time="0.022"/>
  <testcase classname="practic.testng.DataProvider2" name="createContactTest" time="0.002"/>
</testsuite> <!-- practic.testng.DataProvider2 -->
