<?xml version="1.0" encoding="UTF-8"?>
<!-- Generated by org.testng.reporters.JUnitReportReporter -->
<testsuite hostname="TYSS-Piyush-Baldaniya" failures="0" tests="3" name="practic.testng.ContactTest" time="0.017" errors="0" timestamp="04 Oct 2024 05:59:56 GMT" skipped="0">
  <testcase classname="practic.testng.ContactTest" name="modifyContactTest" time="0.001"/>
  <testcase classname="practic.testng.ContactTest" name="createContactTest" time="0.015"/>
  <testcase classname="practic.testng.ContactTest" name="deleteContactTest" time="0.001"/>
</testsuite> <!-- practic.testng.ContactTest -->
