<?xml version="1.0" encoding="UTF-8"?>
<!-- Generated by org.testng.reporters.JUnitReportReporter -->
<testsuite hostname="TYSS-Piyush-Baldaniya" failures="0" tests="1" name="practic.testng.InvoiceTest" time="0.010" errors="0" timestamp="16 Oct 2024 11:26:19 GMT" skipped="0">
  <testcase classname="practic.testng.InvoiceTest" name="activateSim" time="0.010"/>
</testsuite> <!-- practic.testng.InvoiceTest -->
