<?xml version="1.0" encoding="UTF-8"?>
<!-- Generated by org.testng.reporters.JUnitReportReporter -->
<testsuite hostname="TYSS-Piyush-Baldaniya" failures="0" tests="1" name="practic.testng.DataProviderGetProductInfoUsingExcel" time="0.000" errors="0" timestamp="04 Oct 2024 07:56:15 GMT" skipped="1">
  <testcase classname="practic.testng.DataProviderGetProductInfoUsingExcel" name="getPRoductInfoTest" time="0.000">
    <skipped/>
  </testcase> <!-- getPRoductInfoTest -->
</testsuite> <!-- practic.testng.DataProviderGetProductInfoUsingExcel -->
