<?xml version="1.0" encoding="UTF-8"?>
<!-- Generated by org.testng.reporters.JUnitReportReporter -->
<testsuite hostname="TYSS-Piyush-Baldaniya" failures="0" tests="1" name="practic.testng.ScreenshotTest" time="19.229" errors="0" timestamp="16 Oct 2024 06:59:33 GMT" skipped="0">
  <testcase classname="practic.testng.ScreenshotTest" name="amazonTest" time="19.229"/>
</testsuite> <!-- practic.testng.ScreenshotTest -->
