<?xml version="1.0" encoding="UTF-8"?>
<!-- Generated by org.testng.reporters.JUnitReportReporter -->
<testsuite hostname="TYSS-Piyush-Baldaniya" failures="0" tests="2" name="com.comcast.crm.orgtest.createOrgTest" time="40.039" errors="0" timestamp="2024-10-07T19:44:59 IST" skipped="0">
  <testcase classname="com.comcast.crm.orgtest.createOrgTest" name="createOrg" time="19.020"/>
  <system-out/>
  <testcase classname="com.comcast.crm.orgtest.createOrgTest" name="createOrgWithIndustry" time="21.019"/>
  <system-out/>
</testsuite> <!-- com.comcast.crm.orgtest.createOrgTest -->
