<?xml version="1.0" encoding="UTF-8"?>
<!-- Generated by org.testng.reporters.JUnitReportReporter -->
<testsuite hostname="TYSS-Piyush-Baldaniya" failures="0" tests="3" name="practic.testng.DataProvider" time="0.018" errors="0" timestamp="04 Oct 2024 06:43:42 GMT" skipped="0">
  <testcase classname="practic.testng.DataProvider" name="createContactTest" time="0.016"/>
  <testcase classname="practic.testng.DataProvider" name="createContactTest" time="0.001"/>
  <testcase classname="practic.testng.DataProvider" name="createContactTest" time="0.001"/>
</testsuite> <!-- practic.testng.DataProvider -->
