<?xml version="1.0" encoding="UTF-8"?>
<!-- Generated by org.testng.reporters.JUnitReportReporter -->
<testsuite hostname="TYSS-Piyush-Baldaniya" failures="0" tests="14" name="practic.testng.InvocationCount" time="0.022" errors="0" timestamp="04 Oct 2024 06:12:10 GMT" skipped="1">
  <testcase classname="practic.testng.InvocationCount" name="modifyContactTest" time="0.001"/>
  <testcase classname="practic.testng.InvocationCount" name="modifyContactTest" time="0.001"/>
  <testcase classname="practic.testng.InvocationCount" name="modifyContactTest" time="0.000"/>
  <testcase classname="practic.testng.InvocationCount" name="modifyContactTest" time="0.001"/>
  <testcase classname="practic.testng.InvocationCount" name="modifyContactTest" time="0.001"/>
  <testcase classname="practic.testng.InvocationCount" name="modifyContactTest" time="0.000"/>
  <testcase classname="practic.testng.InvocationCount" name="modifyContactTest" time="0.000"/>
  <testcase classname="practic.testng.InvocationCount" name="modifyContactTest" time="0.001"/>
  <testcase classname="practic.testng.InvocationCount" name="modifyContactTest" time="0.001"/>
  <testcase classname="practic.testng.InvocationCount" name="createContactTest" time="0.014"/>
  <testcase classname="practic.testng.InvocationCount" name="modifyContactTest" time="0.001"/>
  <testcase classname="practic.testng.InvocationCount" name="modifyContactTest" time="0.001"/>
  <testcase classname="practic.testng.InvocationCount" name="modifyContactTest" time="0.000"/>
  <testcase classname="practic.testng.InvocationCount" name="deleteContactTest">
    <skipped/>
  </testcase> <!-- deleteContactTest -->
</testsuite> <!-- practic.testng.InvocationCount -->
