<?xml version="1.0" encoding="UTF-8"?>
<!-- Generated by org.testng.reporters.JUnitReportReporter -->
<testsuite hostname="TYSS-Piyush-Baldaniya" failures="0" tests="3" name="practic.testng.DataProviderGetProductInfoTest" time="52.180" errors="0" timestamp="04 Oct 2024 07:40:09 GMT" skipped="0">
  <testcase classname="practic.testng.DataProviderGetProductInfoTest" name="getPRoductInfoTest" time="18.842"/>
  <testcase classname="practic.testng.DataProviderGetProductInfoTest" name="getPRoductInfoTest" time="15.678"/>
  <testcase classname="practic.testng.DataProviderGetProductInfoTest" name="getPRoductInfoTest" time="17.660"/>
</testsuite> <!-- practic.testng.DataProviderGetProductInfoTest -->
