<?xml version="1.0" encoding="UTF-8"?>
<!-- Generated by org.testng.reporters.JUnitReportReporter -->
<testsuite hostname="TYSS-Piyush-Baldaniya" failures="0" tests="1" name="practic.testng.ConfigurationAnnotation" time="0.008" errors="0" timestamp="04 Oct 2024 10:53:01 GMT" skipped="0">
  <testcase classname="practic.testng.ConfigurationAnnotation" name="createContact1" time="0.008"/>
</testsuite> <!-- practic.testng.ConfigurationAnnotation -->
